<?xml version="1.0" encoding="UTF-8"?>
<testsuite xmlns:xsi="http://www.w3.org/2001/XMLSchema-instance" xsi:noNamespaceSchemaLocation="https://maven.apache.org/surefire/maven-surefire-plugin/xsd/surefire-test-report-3.0.xsd" version="3.0" name="runners.CucumberRunner" time="3.913" tests="19" errors="1" skipped="0" failures="9">
  <properties>
[...]
</properties>
  <testcase name="Consultar uma restrição utilizando CPF" classname="Consultar uma restrição utilizando um CPF" time="0.903">
    <error message="Invalid number of path parameters. Expected 0, was 1. Redundant path parameters are: cpf=97093236014." type="java.lang.IllegalArgumentException"><![CDATA[java.lang.IllegalArgumentException: Invalid number of path parameters. Expected 0, was 1. Redundant path parameters are: cpf=97093236014.
]]></error>
    <system-out><![CDATA[Funcionalidade: Consultar uma restrição utilizando um CPF
    Como usuário da API de consulta de restrições
    Carlos deseja consultar um CPF
    Para saber se há uma restrição no CPF

  Contexto: Dado que Carlos tem acesso a API de consulta de restrições &amp#27;[90m# src/test/resources/features/restricoes.feature:8&amp#27;[0m

  @oi
  Cenário: Consultar uma restrição utilizando CPF                           &amp#27;[90m# src/test/resources/features/restricoes.feature:11&amp#27;[0m
    &amp#27;[31mQuando &amp#27;[0m&amp#27;[31mCarlos consultar uma restrição utilizando o CPF&amp#27;[0m                  &amp#27;[90m# RestricoesSteps.carlosConsultarUmaRestriçãoUtilizandoOCPF()&amp#27;[0m
      &amp#27;[31mjava.lang.IllegalArgumentException: Invalid number of path parameters. Expected 0, was 1. Redundant path parameters are: cpf=97093236014.
	at sun.reflect.NativeConstructorAccessorImpl.newInstance0(Native Method)
	at sun.reflect.NativeConstructorAccessorImpl.newInstance(NativeConstructorAccessorImpl.java:62)
	at sun.reflect.DelegatingConstructorAccessorImpl.newInstance(DelegatingConstructorAccessorImpl.java:45)
	at java.lang.reflect.Constructor.newInstance(Constructor.java:423)
	at org.codehaus.groovy.reflection.CachedConstructor.invoke(CachedConstructor.java:72)
	at org.codehaus.groovy.reflection.CachedConstructor.doConstructorInvoke(CachedConstructor.java:59)
	at org.codehaus.groovy.runtime.callsite.ConstructorSite$ConstructorSiteNoUnwrap.callConstructor(ConstructorSite.java:84)
	at org.codehaus.groovy.runtime.callsite.CallSiteArray.defaultCallConstructor(CallSiteArray.java:59)
	at org.codehaus.groovy.runtime.callsite.AbstractCallSite.callConstructor(AbstractCallSite.java:263)
	at org.codehaus.groovy.runtime.callsite.AbstractCallSite.callConstructor(AbstractCallSite.java:277)
	at io.restassured.internal.RequestSpecificationImpl.assertCorrectNumberOfPathParams(RequestSpecificationImpl.groovy:1248)
	at sun.reflect.NativeMethodAccessorImpl.invoke0(Native Method)
	at sun.reflect.NativeMethodAccessorImpl.invoke(NativeMethodAccessorImpl.java:62)
	at sun.reflect.DelegatingMethodAccessorImpl.invoke(DelegatingMethodAccessorImpl.java:43)
	at java.lang.reflect.Method.invoke(Method.java:498)
	at org.codehaus.groovy.reflection.CachedMethod.invoke(CachedMethod.java:107)
	at groovy.lang.MetaMethod.doMethodInvoke(MetaMethod.java:323)
	at groovy.lang.MetaClassImpl.invokeMethod(MetaClassImpl.java:1262)
	at groovy.lang.MetaClassImpl.invokeMethod(MetaClassImpl.java:1029)
	at groovy.lang.MetaClassImpl.invokeMethod(MetaClassImpl.java:816)
	at groovy.lang.GroovyObject.invokeMethod(GroovyObject.java:39)
	at org.codehaus.groovy.runtime.callsite.PogoInterceptableSite.call(PogoInterceptableSite.java:45)
	at org.codehaus.groovy.runtime.callsite.PogoInterceptableSite.callCurrent(PogoInterceptableSite.java:55)
	at org.codehaus.groovy.runtime.callsite.CallSiteArray.defaultCallCurrent(CallSiteArray.java:51)
	at org.codehaus.groovy.runtime.callsite.AbstractCallSite.callCurrent(AbstractCallSite.java:171)
	at org.codehaus.groovy.runtime.callsite.AbstractCallSite.callCurrent(AbstractCallSite.java:176)
	at io.restassured.internal.RequestSpecificationImpl.sendRequest(RequestSpecificationImpl.groovy:1135)
	at sun.reflect.NativeMethodAccessorImpl.invoke0(Native Method)
	at sun.reflect.NativeMethodAccessorImpl.invoke(NativeMethodAccessorImpl.java:62)
	at sun.reflect.DelegatingMethodAccessorImpl.invoke(DelegatingMethodAccessorImpl.java:43)
	at java.lang.reflect.Method.invoke(Method.java:498)
	at org.codehaus.groovy.reflection.CachedMethod.invoke(CachedMethod.java:107)
	at groovy.lang.MetaMethod.doMethodInvoke(MetaMethod.java:323)
	at groovy.lang.MetaClassImpl.invokeMethod(MetaClassImpl.java:1262)
	at groovy.lang.MetaClassImpl.invokeMethod(MetaClassImpl.java:1029)
	at groovy.lang.MetaClassImpl.invokeMethod(MetaClassImpl.java:816)
	at groovy.lang.GroovyObject.invokeMethod(GroovyObject.java:39)
	at org.codehaus.groovy.runtime.callsite.PogoInterceptableSite.call(PogoInterceptableSite.java:45)
	at org.codehaus.groovy.runtime.callsite.CallSiteArray.defaultCall(CallSiteArray.java:47)
	at org.codehaus.groovy.runtime.callsite.AbstractCallSite.call(AbstractCallSite.java:125)
	at org.codehaus.groovy.runtime.callsite.AbstractCallSite.call(AbstractCallSite.java:166)
	at io.restassured.internal.filter.SendRequestFilter.filter(SendRequestFilter.groovy:30)
	at io.restassured.filter.Filter$filter$0.call(Unknown Source)
	at org.codehaus.groovy.runtime.callsite.CallSiteArray.defaultCall(CallSiteArray.java:47)
	at io.restassured.filter.Filter$filter.call(Unknown Source)
	at io.restassured.internal.filter.FilterContextImpl.next(FilterContextImpl.groovy:72)
	at io.restassured.filter.time.TimingFilter.filter(TimingFilter.java:56)
	at io.restassured.filter.Filter$filter.call(Unknown Source)
	at org.codehaus.groovy.runtime.callsite.CallSiteArray.defaultCall(CallSiteArray.java:47)
	at io.restassured.filter.Filter$filter.call(Unknown Source)
	at io.restassured.internal.filter.FilterContextImpl.next(FilterContextImpl.groovy:72)
	at io.restassured.filter.log.StatusCodeBasedLoggingFilter.filter(StatusCodeBasedLoggingFilter.java:112)
	at io.restassured.filter.log.ResponseLoggingFilter.filter(ResponseLoggingFilter.java:31)
	at io.restassured.filter.Filter$filter.call(Unknown Source)
	at org.codehaus.groovy.runtime.callsite.CallSiteArray.defaultCall(CallSiteArray.java:47)
	at io.restassured.filter.Filter$filter.call(Unknown Source)
	at io.restassured.internal.filter.FilterContextImpl.next(FilterContextImpl.groovy:72)
	at io.restassured.filter.log.RequestLoggingFilter.filter(RequestLoggingFilter.java:140)
	at io.restassured.filter.Filter$filter.call(Unknown Source)
	at org.codehaus.groovy.runtime.callsite.CallSiteArray.defaultCall(CallSiteArray.java:47)
	at org.codehaus.groovy.runtime.callsite.AbstractCallSite.call(AbstractCallSite.java:125)
	at org.codehaus.groovy.runtime.callsite.AbstractCallSite.call(AbstractCallSite.java:157)
	at io.restassured.internal.filter.FilterContextImpl.next(FilterContextImpl.groovy:72)
	at io.restassured.filter.FilterContext$next.call(Unknown Source)
	at org.codehaus.groovy.runtime.callsite.CallSiteArray.defaultCall(CallSiteArray.java:47)
	at org.codehaus.groovy.runtime.callsite.AbstractCallSite.call(AbstractCallSite.java:125)
	at org.codehaus.groovy.runtime.callsite.AbstractCallSite.call(AbstractCallSite.java:148)
	at io.restassured.internal.RequestSpecificationImpl.applyPathParamsAndSendRequest(RequestSpecificationImpl.groovy:1655)
	at sun.reflect.NativeMethodAccessorImpl.invoke0(Native Method)
	at sun.reflect.NativeMethodAccessorImpl.invoke(NativeMethodAccessorImpl.java:62)
	at sun.reflect.DelegatingMethodAccessorImpl.invoke(DelegatingMethodAccessorImpl.java:43)
	at java.lang.reflect.Method.invoke(Method.java:498)
	at org.codehaus.groovy.reflection.CachedMethod.invoke(CachedMethod.java:107)
	at groovy.lang.MetaMethod.doMethodInvoke(MetaMethod.java:323)
	at groovy.lang.MetaClassImpl.invokeMethod(MetaClassImpl.java:1262)
	at groovy.lang.MetaClassImpl.invokeMethod(MetaClassImpl.java:1029)
	at groovy.lang.MetaClassImpl.invokeMethod(MetaClassImpl.java:816)
	at groovy.lang.GroovyObject.invokeMethod(GroovyObject.java:39)
	at org.codehaus.groovy.runtime.callsite.PogoInterceptableSite.call(PogoInterceptableSite.java:45)
	at org.codehaus.groovy.runtime.callsite.PogoInterceptableSite.callCurrent(PogoInterceptableSite.java:55)
	at org.codehaus.groovy.runtime.callsite.CallSiteArray.defaultCallCurrent(CallSiteArray.java:51)
	at org.codehaus.groovy.runtime.callsite.AbstractCallSite.callCurrent(AbstractCallSite.java:171)
	at org.codehaus.groovy.runtime.callsite.AbstractCallSite.callCurrent(AbstractCallSite.java:203)
	at io.restassured.internal.RequestSpecificationImpl.applyPathParamsAndSendRequest(RequestSpecificationImpl.groovy:1661)
	at sun.reflect.NativeMethodAccessorImpl.invoke0(Native Method)
	at sun.reflect.NativeMethodAccessorImpl.invoke(NativeMethodAccessorImpl.java:62)
	at sun.reflect.DelegatingMethodAccessorImpl.invoke(DelegatingMethodAccessorImpl.java:43)
	at java.lang.reflect.Method.invoke(Method.java:498)
	at org.codehaus.groovy.reflection.CachedMethod.invoke(CachedMethod.java:107)
	at groovy.lang.MetaMethod.doMethodInvoke(MetaMethod.java:323)
	at groovy.lang.MetaClassImpl.invokeMethod(MetaClassImpl.java:1262)
	at groovy.lang.MetaClassImpl.invokeMethod(MetaClassImpl.java:1029)
	at groovy.lang.MetaClassImpl.invokeMethod(MetaClassImpl.java:816)
	at groovy.lang.GroovyObject.invokeMethod(GroovyObject.java:39)
	at org.codehaus.groovy.runtime.callsite.PogoInterceptableSite.call(PogoInterceptableSite.java:45)
	at org.codehaus.groovy.runtime.callsite.PogoInterceptableSite.callCurrent(PogoInterceptableSite.java:55)
	at org.codehaus.groovy.runtime.callsite.CallSiteArray.defaultCallCurrent(CallSiteArray.java:51)
	at org.codehaus.groovy.runtime.callsite.AbstractCallSite.callCurrent(AbstractCallSite.java:171)
	at org.codehaus.groovy.runtime.callsite.AbstractCallSite.callCurrent(AbstractCallSite.java:203)
	at io.restassured.internal.RequestSpecificationImpl.get(RequestSpecificationImpl.groovy:171)
	at io.restassured.internal.RequestSpecificationImpl.get(RequestSpecificationImpl.groovy)
	at utils.Utils.getComParametro(Utils.java:60)
	at actions.RestricoesAction.consultarCpfComRestricoes(RestricoesAction.java:24)
	at steps.RestricoesSteps.carlosConsultarUmaRestriçãoUtilizandoOCPF(RestricoesSteps.java:13)
	at ✽.Carlos consultar uma restrição utilizando o CPF(file:src/test/resources/features/restricoes.feature:12)
&amp#27;[0m
    &amp#27;[36mEntão &amp#27;[0m&amp#27;[36mserá retornado uma mensagem informando que o CPF possui restrição&amp#27;[0m &amp#27;[90m# RestricoesSteps.seráRetornadoUmaMensagemInformandoQueOCPFPossuiRestrição()&amp#27;[0m
]]></system-out>
  </testcase>
  <testcase name="Consultar um CPF sem restrição" classname="Consultar uma restrição utilizando um CPF" time="0.576"/>
  <testcase name="Validar contrato da API" classname="Simulações" time="0.614">
    <failure message="1 expectation failed.&#10;Response body doesn&apos;t match expectation.&#10;Expected: The content to match the given JSON schema.&#10;error: instance type (array) does not match any allowed primitive type (allowed: [&quot;object&quot;])&#10;    level: &quot;error&quot;&#10;    schema: {&quot;loadingURI&quot;:&quot;file:/home/carlospj/Desktop/provaAutomacaoAPI/target/test-classes/jsonValidations.json#&quot;,&quot;pointer&quot;:&quot;&quot;}&#10;    instance: {&quot;pointer&quot;:&quot;&quot;}&#10;    domain: &quot;validation&quot;&#10;    keyword: &quot;type&quot;&#10;    found: &quot;array&quot;&#10;    expected: [&quot;object&quot;]&#10;&#10;  Actual: [{&quot;id&quot;:11,&quot;nome&quot;:&quot;Fulano&quot;,&quot;cpf&quot;:&quot;66414919004&quot;,&quot;email&quot;:&quot;fulano@gmail.com&quot;,&quot;valor&quot;:11000.00,&quot;parcelas&quot;:3,&quot;seguro&quot;:true},{&quot;id&quot;:12,&quot;nome&quot;:&quot;Pedro - Nome Alterado15275344194600&quot;,&quot;cpf&quot;:&quot;17822386034&quot;,&quot;email&quot;:&quot;carlos@email.com&quot;,&quot;valor&quot;:20000.00,&quot;parcelas&quot;:20,&quot;seguro&quot;:true},{&quot;id&quot;:14,&quot;nome&quot;:&quot;Pedro - Nome Alterado 27276776648875&quot;,&quot;cpf&quot;:&quot;97093236014&quot;,&quot;email&quot;:&quot;carlos@email.com&quot;,&quot;valor&quot;:40000.00,&quot;parcelas&quot;:20,&quot;seguro&quot;:true},{&quot;id&quot;:16,&quot;nome&quot;:&quot;Carlos Roberto Piva&quot;,&quot;cpf&quot;:&quot;86593266544&quot;,&quot;email&quot;:&quot;carlos@email.com&quot;,&quot;valor&quot;:1.00,&quot;parcelas&quot;:20,&quot;seguro&quot;:true},{&quot;id&quot;:80,&quot;nome&quot;:&quot;Carlos Roberto Piva&quot;,&quot;cpf&quot;:&quot;2324533&quot;,&quot;email&quot;:&quot;carlos@email.com&quot;,&quot;valor&quot;:40000.00,&quot;parcelas&quot;:20,&quot;seguro&quot;:true}]&#10;" type="java.lang.AssertionError"><![CDATA[java.lang.AssertionError: 
1 expectation failed.
Response body doesn't match expectation.
Expected: The content to match the given JSON schema.
error: instance type (array) does not match any allowed primitive type (allowed: ["object"])
    level: "error"
    schema: {"loadingURI":"file:/home/carlospj/Desktop/provaAutomacaoAPI/target/test-classes/jsonValidations.json#","pointer":""}
    instance: {"pointer":""}
    domain: "validation"
    keyword: "type"
    found: "array"
    expected: ["object"]

  Actual: [{"id":11,"nome":"Fulano","cpf":"66414919004","email":"fulano@gmail.com","valor":11000.00,"parcelas":3,"seguro":true},{"id":12,"nome":"Pedro - Nome Alterado15275344194600","cpf":"17822386034","email":"carlos@email.com","valor":20000.00,"parcelas":20,"seguro":true},{"id":14,"nome":"Pedro - Nome Alterado 27276776648875","cpf":"97093236014","email":"carlos@email.com","valor":40000.00,"parcelas":20,"seguro":true},{"id":16,"nome":"Carlos Roberto Piva","cpf":"86593266544","email":"carlos@email.com","valor":1.00,"parcelas":20,"seguro":true},{"id":80,"nome":"Carlos Roberto Piva","cpf":"2324533","email":"carlos@email.com","valor":40000.00,"parcelas":20,"seguro":true}]

]]></failure>
    <system-out><![CDATA[
Funcionalidade: Simulações
    Como usuário da API de simulações
    Carlos deseja consultar, criar, alterar e deletar simulações
    Para que ele possa ter informações do credito

  Contexto: Dado que Carlos tem acesso a API de simulações &amp#27;[90m# src/test/resources/features/simulacoes.feature:8&amp#27;[0m

  @oi1
  Cenário: Validar contrato da API                  &amp#27;[90m# src/test/resources/features/simulacoes.feature:11&amp#27;[0m
    &amp#27;[32mQuando &amp#27;[0m&amp#27;[32mele acessar a aplicação&amp#27;[0m                  &amp#27;[90m# SimulacoesSteps.eleAcessarAAplicação()&amp#27;[0m
Request method:	GET
Request URI:	http://localhost:8080/api/v1/simulacoes
Proxy:			<none>
Request params:	<none>
Query params:	<none>
Form params:	<none>
Path params:	<none>
Headers:		Accept=*/*
				Content-Type=application/json; charset=UTF-8
Cookies:		<none>
Multiparts:		<none>
Body:			<none>

HTTP/1.1 200 
Content-Type: application/json;charset=UTF-8
Transfer-Encoding: chunked
Date: Fri, 04 Feb 2022 15:16:13 GMT

[
    {
        "id": 11,
        "nome": "Fulano",
        "cpf": "66414919004",
        "email": "fulano@gmail.com",
        "valor": 11000.00,
        "parcelas": 3,
        "seguro": true
    },
    {
        "id": 12,
        "nome": "Pedro - Nome Alterado15275344194600",
        "cpf": "17822386034",
        "email": "carlos@email.com",
        "valor": 20000.00,
        "parcelas": 20,
        "seguro": true
    },
    {
        "id": 14,
        "nome": "Pedro - Nome Alterado 27276776648875",
        "cpf": "97093236014",
        "email": "carlos@email.com",
        "valor": 40000.00,
        "parcelas": 20,
        "seguro": true
    },
    {
        "id": 16,
        "nome": "Carlos Roberto Piva",
        "cpf": "86593266544",
        "email": "carlos@email.com",
        "valor": 1.00,
        "parcelas": 20,
        "seguro": true
    },
    {
        "id": 80,
        "nome": "Carlos Roberto Piva",
        "cpf": "2324533",
        "email": "carlos@email.com",
        "valor": 40000.00,
        "parcelas": 20,
        "seguro": true
    }
]
    &amp#27;[31mEntão &amp#27;[0m&amp#27;[31mos campos dever ver iguais ao do contrato&amp#27;[0m &amp#27;[90m# SimulacoesSteps.osCamposDeverVerIguaisAoDoContrato()&amp#27;[0m
      &amp#27;[31mjava.lang.AssertionError: 1 expectation failed.
Response body doesn't match expectation.
Expected: The content to match the given JSON schema.
error: instance type (array) does not match any allowed primitive type (allowed: ["object"])
    level: "error"
    schema: {"loadingURI":"file:/home/carlospj/Desktop/provaAutomacaoAPI/target/test-classes/jsonValidations.json#","pointer":""}
    instance: {"pointer":""}
    domain: "validation"
    keyword: "type"
    found: "array"
    expected: ["object"]

  Actual: [{"id":11,"nome":"Fulano","cpf":"66414919004","email":"fulano@gmail.com","valor":11000.00,"parcelas":3,"seguro":true},{"id":12,"nome":"Pedro - Nome Alterado15275344194600","cpf":"17822386034","email":"carlos@email.com","valor":20000.00,"parcelas":20,"seguro":true},{"id":14,"nome":"Pedro - Nome Alterado 27276776648875","cpf":"97093236014","email":"carlos@email.com","valor":40000.00,"parcelas":20,"seguro":true},{"id":16,"nome":"Carlos Roberto Piva","cpf":"86593266544","email":"carlos@email.com","valor":1.00,"parcelas":20,"seguro":true},{"id":80,"nome":"Carlos Roberto Piva","cpf":"2324533","email":"carlos@email.com","valor":40000.00,"parcelas":20,"seguro":true}]

	at sun.reflect.NativeConstructorAccessorImpl.newInstance0(Native Method)
	at sun.reflect.NativeConstructorAccessorImpl.newInstance(NativeConstructorAccessorImpl.java:62)
	at sun.reflect.DelegatingConstructorAccessorImpl.newInstance(DelegatingConstructorAccessorImpl.java:45)
	at java.lang.reflect.Constructor.newInstance(Constructor.java:423)
	at org.codehaus.groovy.reflection.CachedConstructor.invoke(CachedConstructor.java:72)
	at org.codehaus.groovy.reflection.CachedConstructor.doConstructorInvoke(CachedConstructor.java:59)
	at org.codehaus.groovy.runtime.callsite.ConstructorSite$ConstructorSiteNoUnwrap.callConstructor(ConstructorSite.java:84)
	at org.codehaus.groovy.runtime.callsite.CallSiteArray.defaultCallConstructor(CallSiteArray.java:59)
	at org.codehaus.groovy.runtime.callsite.AbstractCallSite.callConstructor(AbstractCallSite.java:263)
	at org.codehaus.groovy.runtime.callsite.AbstractCallSite.callConstructor(AbstractCallSite.java:277)
	at io.restassured.internal.ResponseSpecificationImpl$HamcrestAssertionClosure.validate(ResponseSpecificationImpl.groovy:493)
	at io.restassured.internal.ResponseSpecificationImpl$HamcrestAssertionClosure$validate$1.call(Unknown Source)
	at org.codehaus.groovy.runtime.callsite.CallSiteArray.defaultCall(CallSiteArray.java:47)
	at org.codehaus.groovy.runtime.callsite.AbstractCallSite.call(AbstractCallSite.java:125)
	at org.codehaus.groovy.runtime.callsite.AbstractCallSite.call(AbstractCallSite.java:139)
	at io.restassured.internal.ResponseSpecificationImpl.validateResponseIfRequired(ResponseSpecificationImpl.groovy:674)
	at sun.reflect.NativeMethodAccessorImpl.invoke0(Native Method)
	at sun.reflect.NativeMethodAccessorImpl.invoke(NativeMethodAccessorImpl.java:62)
	at sun.reflect.DelegatingMethodAccessorImpl.invoke(DelegatingMethodAccessorImpl.java:43)
	at java.lang.reflect.Method.invoke(Method.java:498)
	at org.codehaus.groovy.runtime.callsite.PlainObjectMetaMethodSite.doInvoke(PlainObjectMetaMethodSite.java:43)
	at org.codehaus.groovy.runtime.callsite.PogoMetaMethodSite$PogoCachedMethodSiteNoUnwrapNoCoerce.invoke(PogoMetaMethodSite.java:193)
	at org.codehaus.groovy.runtime.callsite.PogoMetaMethodSite.callCurrent(PogoMetaMethodSite.java:61)
	at org.codehaus.groovy.runtime.callsite.CallSiteArray.defaultCallCurrent(CallSiteArray.java:51)
	at org.codehaus.groovy.runtime.callsite.AbstractCallSite.callCurrent(AbstractCallSite.java:171)
	at org.codehaus.groovy.runtime.callsite.AbstractCallSite.callCurrent(AbstractCallSite.java:185)
	at io.restassured.internal.ResponseSpecificationImpl.body(ResponseSpecificationImpl.groovy:98)
	at io.restassured.internal.ValidatableResponseOptionsImpl.body(ValidatableResponseOptionsImpl.java:238)
	at io.restassured.internal.ValidatableResponseImpl.super$2$body(ValidatableResponseImpl.groovy)
	at sun.reflect.NativeMethodAccessorImpl.invoke0(Native Method)
	at sun.reflect.NativeMethodAccessorImpl.invoke(NativeMethodAccessorImpl.java:62)
	at sun.reflect.DelegatingMethodAccessorImpl.invoke(DelegatingMethodAccessorImpl.java:43)
	at java.lang.reflect.Method.invoke(Method.java:498)
	at org.codehaus.groovy.reflection.CachedMethod.invoke(CachedMethod.java:107)
	at groovy.lang.MetaMethod.doMethodInvoke(MetaMethod.java:323)
	at groovy.lang.MetaClassImpl.invokeMethod(MetaClassImpl.java:1262)
	at org.codehaus.groovy.runtime.ScriptBytecodeAdapter.invokeMethodOnSuperN(ScriptBytecodeAdapter.java:144)
	at io.restassured.internal.ValidatableResponseImpl.body(ValidatableResponseImpl.groovy:293)
	at io.restassured.internal.ValidatableResponseImpl.body(ValidatableResponseImpl.groovy)
	at actions.SimulacoesAction.validarContrato(SimulacoesAction.java:34)
	at steps.SimulacoesSteps.osCamposDeverVerIguaisAoDoContrato(SimulacoesSteps.java:175)
	at ✽.os campos dever ver iguais ao do contrato(file:src/test/resources/features/simulacoes.feature:13)
&amp#27;[0m
]]></system-out>
  </testcase>
  <testcase name="Criar uma simulação" classname="Simulações" time="0.163">
    <failure message="1 expectation failed.&#10;Expected status code &lt;201&gt; but was &lt;400&gt;.&#10;" type="java.lang.AssertionError"><![CDATA[java.lang.AssertionError: 
1 expectation failed.
Expected status code <201> but was <400>.

]]></failure>
    <system-out><![CDATA[
  Contexto: Dado que Carlos tem acesso a API de simulações &amp#27;[90m# src/test/resources/features/simulacoes.feature:8&amp#27;[0m

  @oi11
  Cenário: Criar uma simulação                                            &amp#27;[90m# src/test/resources/features/simulacoes.feature:16&amp#27;[0m
2324533
Request method:	POST
Request URI:	http://localhost:8080/api/v1/simulacoes
Proxy:			<none>
Request params:	<none>
Query params:	<none>
Form params:	<none>
Path params:	<none>
Headers:		Accept=*/*
				Content-Type=application/json; charset=UTF-8
Cookies:		<none>
Multiparts:		<none>
Body:
{
    "nome": "Carlos Roberto Piva",
    "cpf": "2324533",
    "email": "carlos@email.com",
    "valor": 40000,
    "parcelas": 20,
    "seguro": true
}

HTTP/1.1 400 
Content-Type: application/json;charset=UTF-8
Transfer-Encoding: chunked
Date: Fri, 04 Feb 2022 15:16:13 GMT
Connection: close

{
    "mensagem": "CPF duplicado"
}
    &amp#27;[31mQuando &amp#27;[0m&amp#27;[31mele criar uma simulação informando corretamente todos os dados&amp#27;[0m &amp#27;[90m# SimulacoesSteps.eleCriarUmaSimulaçãoInformandoCorretamenteTodosOsDados()&amp#27;[0m
      &amp#27;[31mjava.lang.AssertionError: 1 expectation failed.
Expected status code <201> but was <400>.

	at sun.reflect.NativeConstructorAccessorImpl.newInstance0(Native Method)
	at sun.reflect.NativeConstructorAccessorImpl.newInstance(NativeConstructorAccessorImpl.java:62)
	at sun.reflect.DelegatingConstructorAccessorImpl.newInstance(DelegatingConstructorAccessorImpl.java:45)
	at java.lang.reflect.Constructor.newInstance(Constructor.java:423)
	at org.codehaus.groovy.reflection.CachedConstructor.invoke(CachedConstructor.java:72)
	at org.codehaus.groovy.reflection.CachedConstructor.doConstructorInvoke(CachedConstructor.java:59)
	at org.codehaus.groovy.runtime.callsite.ConstructorSite$ConstructorSiteNoUnwrap.callConstructor(ConstructorSite.java:84)
	at org.codehaus.groovy.runtime.callsite.AbstractCallSite.callConstructor(AbstractCallSite.java:277)
	at io.restassured.internal.ResponseSpecificationImpl$HamcrestAssertionClosure.validate(ResponseSpecificationImpl.groovy:493)
	at io.restassured.internal.ResponseSpecificationImpl$HamcrestAssertionClosure$validate$1.call(Unknown Source)
	at io.restassured.internal.ResponseSpecificationImpl.validateResponseIfRequired(ResponseSpecificationImpl.groovy:674)
	at sun.reflect.NativeMethodAccessorImpl.invoke0(Native Method)
	at sun.reflect.NativeMethodAccessorImpl.invoke(NativeMethodAccessorImpl.java:62)
	at sun.reflect.DelegatingMethodAccessorImpl.invoke(DelegatingMethodAccessorImpl.java:43)
	at java.lang.reflect.Method.invoke(Method.java:498)
	at org.codehaus.groovy.runtime.callsite.PlainObjectMetaMethodSite.doInvoke(PlainObjectMetaMethodSite.java:43)
	at org.codehaus.groovy.runtime.callsite.PogoMetaMethodSite$PogoCachedMethodSiteNoUnwrapNoCoerce.invoke(PogoMetaMethodSite.java:193)
	at org.codehaus.groovy.runtime.callsite.PogoMetaMethodSite.callCurrent(PogoMetaMethodSite.java:61)
	at org.codehaus.groovy.runtime.callsite.CallSiteArray.defaultCallCurrent(CallSiteArray.java:51)
	at org.codehaus.groovy.runtime.callsite.AbstractCallSite.callCurrent(AbstractCallSite.java:171)
	at org.codehaus.groovy.runtime.callsite.AbstractCallSite.callCurrent(AbstractCallSite.java:185)
	at io.restassured.internal.ResponseSpecificationImpl.statusCode(ResponseSpecificationImpl.groovy:126)
	at io.restassured.specification.ResponseSpecification$statusCode$4.callCurrent(Unknown Source)
	at org.codehaus.groovy.runtime.callsite.CallSiteArray.defaultCallCurrent(CallSiteArray.java:51)
	at org.codehaus.groovy.runtime.callsite.AbstractCallSite.callCurrent(AbstractCallSite.java:171)
	at org.codehaus.groovy.runtime.callsite.AbstractCallSite.callCurrent(AbstractCallSite.java:185)
	at io.restassured.internal.ResponseSpecificationImpl.statusCode(ResponseSpecificationImpl.groovy:134)
	at io.restassured.internal.ValidatableResponseOptionsImpl.statusCode(ValidatableResponseOptionsImpl.java:89)
	at io.restassured.internal.ValidatableResponseImpl.super$2$statusCode(ValidatableResponseImpl.groovy)
	at sun.reflect.NativeMethodAccessorImpl.invoke0(Native Method)
	at sun.reflect.NativeMethodAccessorImpl.invoke(NativeMethodAccessorImpl.java:62)
	at sun.reflect.DelegatingMethodAccessorImpl.invoke(DelegatingMethodAccessorImpl.java:43)
	at java.lang.reflect.Method.invoke(Method.java:498)
	at org.codehaus.groovy.reflection.CachedMethod.invoke(CachedMethod.java:107)
	at groovy.lang.MetaMethod.doMethodInvoke(MetaMethod.java:323)
	at groovy.lang.MetaClassImpl.invokeMethod(MetaClassImpl.java:1262)
	at org.codehaus.groovy.runtime.ScriptBytecodeAdapter.invokeMethodOnSuperN(ScriptBytecodeAdapter.java:144)
	at io.restassured.internal.ValidatableResponseImpl.statusCode(ValidatableResponseImpl.groovy:142)
	at io.restassured.internal.ValidatableResponseImpl.statusCode(ValidatableResponseImpl.groovy)
	at utils.Utils.post(Utils.java:76)
	at actions.SimulacoesAction.criarSimulacao(SimulacoesAction.java:42)
	at steps.SimulacoesSteps.eleCriarUmaSimulaçãoInformandoCorretamenteTodosOsDados(SimulacoesSteps.java:14)
	at ✽.ele criar uma simulação informando corretamente todos os dados(file:src/test/resources/features/simulacoes.feature:17)
&amp#27;[0m
    &amp#27;[36mEntão &amp#27;[0m&amp#27;[36mapós validação dos dados a simulação será criada com sucesso&amp#27;[0m    &amp#27;[90m# SimulacoesSteps.apósValidaçãoDosDadosASimulaçãoSeráCriadaComSucesso()&amp#27;[0m
]]></system-out>
  </testcase>
  <testcase name="Validar CPF existente" classname="Simulações" time="0.626"/>
  <testcase name="Verificar E-mail inválido" classname="Simulações" time="0.05"/>
  <testcase name="Validar o valor mínimo da simulação" classname="Simulações" time="0.053">
    <failure message="expected:&lt;Valor deve ser maior ou igual a R$ 1.000&gt; but was:&lt;null&gt;" type="java.lang.AssertionError"><![CDATA[java.lang.AssertionError: expected:<Valor deve ser maior ou igual a R$ 1.000> but was:<null>
]]></failure>
    <system-out><![CDATA[
  Contexto: Dado que Carlos tem acesso a API de simulações &amp#27;[90m# src/test/resources/features/simulacoes.feature:8&amp#27;[0m

  @oi1
  Cenário: Validar o valor mínimo da simulação                                                             &amp#27;[90m# src/test/resources/features/simulacoes.feature:32&amp#27;[0m
    &amp#27;[32mQuando &amp#27;[0m&amp#27;[32mele criar uma simulação informando um valor menor que ao permitido&amp#27;[0m                              &amp#27;[90m# SimulacoesSteps.eleCriarUmaSimulaçãoInformandoUmValorMenorQueAoPermitido()&amp#27;[0m
    &amp#27;[31mEntão &amp#27;[0m&amp#27;[31mapós validação dos dados será exibido uma mensagem informado que o valor é inferior ao permitido&amp#27;[0m &amp#27;[90m# SimulacoesSteps.apósValidaçãoDosDadosSeráExibidoUmaMensagemInformadoQueOValorÉInferiorAoPermitido()&amp#27;[0m
      &amp#27;[31mjava.lang.AssertionError: expected:<Valor deve ser maior ou igual a R$ 1.000> but was:<null>
	at org.junit.Assert.fail(Assert.java:88)
	at org.junit.Assert.failNotEquals(Assert.java:834)
	at org.junit.Assert.assertEquals(Assert.java:118)
	at org.junit.Assert.assertEquals(Assert.java:144)
	at actions.SimulacoesAction.validarValorMinimo(SimulacoesAction.java:97)
	at steps.SimulacoesSteps.apósValidaçãoDosDadosSeráExibidoUmaMensagemInformadoQueOValorÉInferiorAoPermitido(SimulacoesSteps.java:49)
	at ✽.após validação dos dados será exibido uma mensagem informado que o valor é inferior ao permitido(file:src/test/resources/features/simulacoes.feature:34)
&amp#27;[0m
]]></system-out>
  </testcase>
  <testcase name="Validar o valor máximo da simulação" classname="Simulações" time="0.047"/>
  <testcase name="Validar o número mínimo de parcelas" classname="Simulações" time="0.037"/>
  <testcase name="Validar o número máximo de parcelas" classname="Simulações" time="0.038">
    <failure message="expected:&lt;Parcelas deve ser igual ou menor que 48&gt; but was:&lt;null&gt;" type="java.lang.AssertionError"><![CDATA[java.lang.AssertionError: expected:<Parcelas deve ser igual ou menor que 48> but was:<null>
]]></failure>
    <system-out><![CDATA[
  Contexto: Dado que Carlos tem acesso a API de simulações &amp#27;[90m# src/test/resources/features/simulacoes.feature:8&amp#27;[0m

  @oi1
  Cenário: Validar o número máximo de parcelas                                                                              &amp#27;[90m# src/test/resources/features/simulacoes.feature:47&amp#27;[0m
    &amp#27;[32mQuando &amp#27;[0m&amp#27;[32mele criar uma simulação informando o número de parcelas superior ao permitido&amp#27;[0m                                    &amp#27;[90m# SimulacoesSteps.eleCriarUmaSimulaçãoInformandoONúmeroDeParcelasSuperiorAoPermitido()&amp#27;[0m
    &amp#27;[31mEntão &amp#27;[0m&amp#27;[31mapós validação dos dados será exibido uma mensagem informando que a quantidade de parcelas é superior a permitida&amp#27;[0m &amp#27;[90m# SimulacoesSteps.apósValidaçãoDosDadosSeráExibidoUmaMensagemInformandoQueAQuantidadeDeParcelasÉSuperiorAPermitida()&amp#27;[0m
      &amp#27;[31mjava.lang.AssertionError: expected:<Parcelas deve ser igual ou menor que 48> but was:<null>
	at org.junit.Assert.fail(Assert.java:88)
	at org.junit.Assert.failNotEquals(Assert.java:834)
	at org.junit.Assert.assertEquals(Assert.java:118)
	at org.junit.Assert.assertEquals(Assert.java:144)
	at actions.SimulacoesAction.validarQuantidadeMaximaDeParcelas(SimulacoesAction.java:128)
	at steps.SimulacoesSteps.apósValidaçãoDosDadosSeráExibidoUmaMensagemInformandoQueAQuantidadeDeParcelasÉSuperiorAPermitida(SimulacoesSteps.java:79)
	at ✽.após validação dos dados será exibido uma mensagem informando que a quantidade de parcelas é superior a permitida(file:src/test/resources/features/simulacoes.feature:49)
&amp#27;[0m
]]></system-out>
  </testcase>
  <testcase name="Validar simulação sem seguro" classname="Simulações" time="0.059"/>
  <testcase name="Alterar os dados de uma simulação" classname="Simulações" time="0.094"/>
  <testcase name="Alterar os dados de uma simulação não cadastrada" classname="Simulações" time="0.069">
    <failure message="expected:&lt;CPF []não encontrado&gt; but was:&lt;CPF [0000000000 ]não encontrado&gt;" type="org.junit.ComparisonFailure"><![CDATA[org.junit.ComparisonFailure: expected:<CPF []não encontrado> but was:<CPF [0000000000 ]não encontrado>
]]></failure>
    <system-out><![CDATA[
  Contexto: Dado que Carlos tem acesso a API de simulações &amp#27;[90m# src/test/resources/features/simulacoes.feature:8&amp#27;[0m

  @oi1
  Cenário: Alterar os dados de uma simulação não cadastrada                                                &amp#27;[90m# src/test/resources/features/simulacoes.feature:62&amp#27;[0m
0000000000
    &amp#27;[32mQuando &amp#27;[0m&amp#27;[32mele tentar alterar os dados de uma simulação não cadastrada&amp#27;[0m                                     &amp#27;[90m# SimulacoesSteps.eleTentarAlterarOsDadosDeUmaSimulaçãoNãoCadastrada()&amp#27;[0m
    &amp#27;[31mEntão &amp#27;[0m&amp#27;[31mapós validação dos dados será exibido uma mensagem informando que a simulação não foi encontrada&amp#27;[0m &amp#27;[90m# SimulacoesSteps.apósValidaçãoDosDadosSeráExibidoUmaMensagemInformandoQueASimulaçãoNãoFoiEncontrada()&amp#27;[0m
      &amp#27;[31morg.junit.ComparisonFailure: expected:<CPF []não encontrado> but was:<CPF [0000000000 ]não encontrado>
	at org.junit.Assert.assertEquals(Assert.java:115)
	at org.junit.Assert.assertEquals(Assert.java:144)
	at actions.SimulacoesAction.validarMensagemErro(SimulacoesAction.java:162)
	at steps.SimulacoesSteps.apósValidaçãoDosDadosSeráExibidoUmaMensagemInformandoQueASimulaçãoNãoFoiEncontrada(SimulacoesSteps.java:109)
	at ✽.após validação dos dados será exibido uma mensagem informando que a simulação não foi encontrada(file:src/test/resources/features/simulacoes.feature:64)
&amp#27;[0m
]]></system-out>
  </testcase>
  <testcase name="Validar a alteração de CPF já existente" classname="Simulações" time="0.071">
    <failure message="1 expectation failed.&#10;Expected status code &lt;409&gt; but was &lt;200&gt;.&#10;" type="java.lang.AssertionError"><![CDATA[java.lang.AssertionError: 
1 expectation failed.
Expected status code <409> but was <200>.

]]></failure>
    <system-out><![CDATA[
  Contexto: Dado que Carlos tem acesso a API de simulações &amp#27;[90m# src/test/resources/features/simulacoes.feature:8&amp#27;[0m

  @oi1
  Cenário: Validar a alteração de CPF já existente                                                                    &amp#27;[90m# src/test/resources/features/simulacoes.feature:67&amp#27;[0m
97093236014
Request method:	PUT
Request URI:	http://localhost:8080/api/v1/simulacoes/97093236014
Proxy:			<none>
Request params:	<none>
Query params:	<none>
Form params:	<none>
Path params:	cpf=97093236014
Headers:		Accept=*/*
				Content-Type=application/json; charset=UTF-8
Cookies:		<none>
Multiparts:		<none>
Body:
{
    "nome": "Pedro - Nome Alterado 28396474245284",
    "cpf": "97093236014",
    "email": "carlos@email.com",
    "valor": 40000,
    "parcelas": 20,
    "seguro": true
}

HTTP/1.1 200 
Content-Type: application/json;charset=UTF-8
Transfer-Encoding: chunked
Date: Fri, 04 Feb 2022 15:16:14 GMT

{
    "id": 14,
    "nome": "Pedro - Nome Alterado 28396474245284",
    "cpf": "97093236014",
    "email": "carlos@email.com",
    "valor": 40000.00,
    "parcelas": 20,
    "seguro": true
}
    &amp#27;[31mQuando &amp#27;[0m&amp#27;[31mele alterar o CPF da simulação informando um CPF já existente&amp#27;[0m                                              &amp#27;[90m# SimulacoesSteps.eleAlterarOCPFDaSimulaçãoInformandoUmCPFJáExistente()&amp#27;[0m
      &amp#27;[31mjava.lang.AssertionError: 1 expectation failed.
Expected status code <409> but was <200>.

	at sun.reflect.NativeConstructorAccessorImpl.newInstance0(Native Method)
	at sun.reflect.NativeConstructorAccessorImpl.newInstance(NativeConstructorAccessorImpl.java:62)
	at sun.reflect.DelegatingConstructorAccessorImpl.newInstance(DelegatingConstructorAccessorImpl.java:45)
	at java.lang.reflect.Constructor.newInstance(Constructor.java:423)
	at org.codehaus.groovy.reflection.CachedConstructor.invoke(CachedConstructor.java:72)
	at org.codehaus.groovy.reflection.CachedConstructor.doConstructorInvoke(CachedConstructor.java:59)
	at org.codehaus.groovy.runtime.callsite.ConstructorSite$ConstructorSiteNoUnwrap.callConstructor(ConstructorSite.java:84)
	at org.codehaus.groovy.runtime.callsite.AbstractCallSite.callConstructor(AbstractCallSite.java:277)
	at io.restassured.internal.ResponseSpecificationImpl$HamcrestAssertionClosure.validate(ResponseSpecificationImpl.groovy:493)
	at io.restassured.internal.ResponseSpecificationImpl$HamcrestAssertionClosure$validate$1.call(Unknown Source)
	at io.restassured.internal.ResponseSpecificationImpl.validateResponseIfRequired(ResponseSpecificationImpl.groovy:674)
	at sun.reflect.GeneratedMethodAccessor92.invoke(Unknown Source)
	at sun.reflect.DelegatingMethodAccessorImpl.invoke(DelegatingMethodAccessorImpl.java:43)
	at java.lang.reflect.Method.invoke(Method.java:498)
	at org.codehaus.groovy.runtime.callsite.PlainObjectMetaMethodSite.doInvoke(PlainObjectMetaMethodSite.java:43)
	at org.codehaus.groovy.runtime.callsite.PogoMetaMethodSite$PogoCachedMethodSiteNoUnwrapNoCoerce.invoke(PogoMetaMethodSite.java:193)
	at org.codehaus.groovy.runtime.callsite.PogoMetaMethodSite.callCurrent(PogoMetaMethodSite.java:61)
	at org.codehaus.groovy.runtime.callsite.AbstractCallSite.callCurrent(AbstractCallSite.java:185)
	at io.restassured.internal.ResponseSpecificationImpl.statusCode(ResponseSpecificationImpl.groovy:126)
	at io.restassured.specification.ResponseSpecification$statusCode$4.callCurrent(Unknown Source)
	at io.restassured.internal.ResponseSpecificationImpl.statusCode(ResponseSpecificationImpl.groovy:134)
	at io.restassured.internal.ValidatableResponseOptionsImpl.statusCode(ValidatableResponseOptionsImpl.java:89)
	at io.restassured.internal.ValidatableResponseImpl.super$2$statusCode(ValidatableResponseImpl.groovy)
	at sun.reflect.NativeMethodAccessorImpl.invoke0(Native Method)
	at sun.reflect.NativeMethodAccessorImpl.invoke(NativeMethodAccessorImpl.java:62)
	at sun.reflect.DelegatingMethodAccessorImpl.invoke(DelegatingMethodAccessorImpl.java:43)
	at java.lang.reflect.Method.invoke(Method.java:498)
	at org.codehaus.groovy.reflection.CachedMethod.invoke(CachedMethod.java:107)
	at groovy.lang.MetaMethod.doMethodInvoke(MetaMethod.java:323)
	at groovy.lang.MetaClassImpl.invokeMethod(MetaClassImpl.java:1262)
	at org.codehaus.groovy.runtime.ScriptBytecodeAdapter.invokeMethodOnSuperN(ScriptBytecodeAdapter.java:144)
	at io.restassured.internal.ValidatableResponseImpl.statusCode(ValidatableResponseImpl.groovy:142)
	at io.restassured.internal.ValidatableResponseImpl.statusCode(ValidatableResponseImpl.groovy)
	at utils.Utils.put(Utils.java:91)
	at actions.SimulacoesAction.alterarDadosSimulação(SimulacoesAction.java:150)
	at steps.SimulacoesSteps.eleAlterarOCPFDaSimulaçãoInformandoUmCPFJáExistente(SimulacoesSteps.java:114)
	at ✽.ele alterar o CPF da simulação informando um CPF já existente(file:src/test/resources/features/simulacoes.feature:68)
&amp#27;[0m
    &amp#27;[36mEntão &amp#27;[0m&amp#27;[36mapós validação dos dados será exibido uma mensagem informando que o CPF já foi utilizado em outra simulação&amp#27;[0m &amp#27;[90m# SimulacoesSteps.apósValidaçãoDosDadosSeráExibidoUmaMensagemInformandoQueOCPFJáFoiUtilizadoEmOutraSimulação()&amp#27;[0m
]]></system-out>
  </testcase>
  <testcase name="Consultar todas as simulações" classname="Simulações" time="0.051"/>
  <testcase name="Consultar uma simulações cadastrada utilizando o CPF" classname="Simulações" time="0.051"/>
  <testcase name="Consultar uma simulação não existente utilizando o CPF" classname="Simulações" time="0.055">
    <failure message="expected:&lt;CPF []não encontrado&gt; but was:&lt;CPF [12536952211 ]não encontrado&gt;" type="org.junit.ComparisonFailure"><![CDATA[org.junit.ComparisonFailure: expected:<CPF []não encontrado> but was:<CPF [12536952211 ]não encontrado>
]]></failure>
    <system-out><![CDATA[
  Contexto: Dado que Carlos tem acesso a API de simulações &amp#27;[90m# src/test/resources/features/simulacoes.feature:8&amp#27;[0m

  @oi1
  Cenário: Consultar uma simulação não existente utilizando o CPF                                      &amp#27;[90m# src/test/resources/features/simulacoes.feature:82&amp#27;[0m
    &amp#27;[32mQuando &amp#27;[0m&amp#27;[32mele consultar uma simulação não existente informando o CPF&amp#27;[0m                                  &amp#27;[90m# SimulacoesSteps.eleConsultarUmaSimulaçãoNãoExistenteInformandoOCPF()&amp#27;[0m
    &amp#27;[31mEntão &amp#27;[0m&amp#27;[31mapós validação dos dados será exibido uma mensagem informando que o CPF não possui simulação&amp#27;[0m &amp#27;[90m# SimulacoesSteps.apósValidaçãoDosDadosSeráExibidoUmaMensagemInformandoQueOCPFNãoPossuiSimulação()&amp#27;[0m
      &amp#27;[31morg.junit.ComparisonFailure: expected:<CPF []não encontrado> but was:<CPF [12536952211 ]não encontrado>
	at org.junit.Assert.assertEquals(Assert.java:115)
	at org.junit.Assert.assertEquals(Assert.java:144)
	at actions.SimulacoesAction.validarMensagemErro(SimulacoesAction.java:162)
	at steps.SimulacoesSteps.apósValidaçãoDosDadosSeráExibidoUmaMensagemInformandoQueOCPFNãoPossuiSimulação(SimulacoesSteps.java:145)
	at ✽.após validação dos dados será exibido uma mensagem informando que o CPF não possui simulação(file:src/test/resources/features/simulacoes.feature:84)
&amp#27;[0m
]]></system-out>
  </testcase>
  <testcase name="Excluir uma simulação cadastrada" classname="Simulações" time="0.059">
    <failure message="1 expectation failed.&#10;Expected status code &lt;201&gt; but was &lt;400&gt;.&#10;" type="java.lang.AssertionError"><![CDATA[java.lang.AssertionError: 
1 expectation failed.
Expected status code <201> but was <400>.

]]></failure>
    <system-out><![CDATA[
  Contexto: Dado que Carlos tem acesso a API de simulações &amp#27;[90m# src/test/resources/features/simulacoes.feature:8&amp#27;[0m

  @oi1
  Cenário: Excluir uma simulação cadastrada                                                              &amp#27;[90m# src/test/resources/features/simulacoes.feature:87&amp#27;[0m
2324533
Request method:	POST
Request URI:	http://localhost:8080/api/v1/simulacoes
Proxy:			<none>
Request params:	<none>
Query params:	<none>
Form params:	<none>
Path params:	<none>
Headers:		Accept=*/*
				Content-Type=application/json; charset=UTF-8
Cookies:		<none>
Multiparts:		<none>
Body:
{
    "nome": "Carlos Roberto Piva",
    "cpf": "2324533",
    "email": "carlos@email.com",
    "valor": 40000,
    "parcelas": 20,
    "seguro": true
}

HTTP/1.1 400 
Content-Type: application/json;charset=UTF-8
Transfer-Encoding: chunked
Date: Fri, 04 Feb 2022 15:16:14 GMT
Connection: close

{
    "mensagem": "CPF duplicado"
}
    &amp#27;[31mQuando &amp#27;[0m&amp#27;[31mele excluir a simulação consultada&amp#27;[0m                                                            &amp#27;[90m# SimulacoesSteps.eleExcluirASimulaçãoConsultada()&amp#27;[0m
      &amp#27;[31mjava.lang.AssertionError: 1 expectation failed.
Expected status code <201> but was <400>.

	at sun.reflect.NativeConstructorAccessorImpl.newInstance0(Native Method)
	at sun.reflect.NativeConstructorAccessorImpl.newInstance(NativeConstructorAccessorImpl.java:62)
	at sun.reflect.DelegatingConstructorAccessorImpl.newInstance(DelegatingConstructorAccessorImpl.java:45)
	at java.lang.reflect.Constructor.newInstance(Constructor.java:423)
	at org.codehaus.groovy.reflection.CachedConstructor.invoke(CachedConstructor.java:72)
	at org.codehaus.groovy.reflection.CachedConstructor.doConstructorInvoke(CachedConstructor.java:59)
	at org.codehaus.groovy.runtime.callsite.ConstructorSite$ConstructorSiteNoUnwrap.callConstructor(ConstructorSite.java:84)
	at org.codehaus.groovy.runtime.callsite.AbstractCallSite.callConstructor(AbstractCallSite.java:277)
	at io.restassured.internal.ResponseSpecificationImpl$HamcrestAssertionClosure.validate(ResponseSpecificationImpl.groovy:493)
	at io.restassured.internal.ResponseSpecificationImpl$HamcrestAssertionClosure$validate$1.call(Unknown Source)
	at io.restassured.internal.ResponseSpecificationImpl.validateResponseIfRequired(ResponseSpecificationImpl.groovy:674)
	at sun.reflect.GeneratedMethodAccessor92.invoke(Unknown Source)
	at sun.reflect.DelegatingMethodAccessorImpl.invoke(DelegatingMethodAccessorImpl.java:43)
	at java.lang.reflect.Method.invoke(Method.java:498)
	at org.codehaus.groovy.runtime.callsite.PlainObjectMetaMethodSite.doInvoke(PlainObjectMetaMethodSite.java:43)
	at org.codehaus.groovy.runtime.callsite.PogoMetaMethodSite$PogoCachedMethodSiteNoUnwrapNoCoerce.invoke(PogoMetaMethodSite.java:193)
	at org.codehaus.groovy.runtime.callsite.PogoMetaMethodSite.callCurrent(PogoMetaMethodSite.java:61)
	at org.codehaus.groovy.runtime.callsite.AbstractCallSite.callCurrent(AbstractCallSite.java:185)
	at io.restassured.internal.ResponseSpecificationImpl.statusCode(ResponseSpecificationImpl.groovy:126)
	at io.restassured.specification.ResponseSpecification$statusCode$4.callCurrent(Unknown Source)
	at io.restassured.internal.ResponseSpecificationImpl.statusCode(ResponseSpecificationImpl.groovy:134)
	at io.restassured.internal.ValidatableResponseOptionsImpl.statusCode(ValidatableResponseOptionsImpl.java:89)
	at io.restassured.internal.ValidatableResponseImpl.super$2$statusCode(ValidatableResponseImpl.groovy)
	at sun.reflect.NativeMethodAccessorImpl.invoke0(Native Method)
	at sun.reflect.NativeMethodAccessorImpl.invoke(NativeMethodAccessorImpl.java:62)
	at sun.reflect.DelegatingMethodAccessorImpl.invoke(DelegatingMethodAccessorImpl.java:43)
	at java.lang.reflect.Method.invoke(Method.java:498)
	at org.codehaus.groovy.reflection.CachedMethod.invoke(CachedMethod.java:107)
	at groovy.lang.MetaMethod.doMethodInvoke(MetaMethod.java:323)
	at groovy.lang.MetaClassImpl.invokeMethod(MetaClassImpl.java:1262)
	at org.codehaus.groovy.runtime.ScriptBytecodeAdapter.invokeMethodOnSuperN(ScriptBytecodeAdapter.java:144)
	at io.restassured.internal.ValidatableResponseImpl.statusCode(ValidatableResponseImpl.groovy:142)
	at io.restassured.internal.ValidatableResponseImpl.statusCode(ValidatableResponseImpl.groovy)
	at utils.Utils.post(Utils.java:76)
	at actions.SimulacoesAction.criarSimulacao(SimulacoesAction.java:42)
	at actions.SimulacoesAction.excluirSimulacao(SimulacoesAction.java:201)
	at steps.SimulacoesSteps.eleExcluirASimulaçãoConsultada(SimulacoesSteps.java:150)
	at ✽.ele excluir a simulação consultada(file:src/test/resources/features/simulacoes.feature:88)
&amp#27;[0m
    &amp#27;[36mEntão &amp#27;[0m&amp#27;[36mapós a exclusão da simulação será exibido uma mensagem informando que a exclusão foi realizada&amp#27;[0m &amp#27;[90m# SimulacoesSteps.apósAExclusãoDaSimulaçãoSeráExibidoUmaMensagemInformandoQueAExclusãoFoiRealizada()&amp#27;[0m
]]></system-out>
  </testcase>
  <testcase name="Excluir uma simulação não cadastrada" classname="Simulações" time="0.022">
    <failure message="1 expectation failed.&#10;Expected status code &lt;404&gt; but was &lt;200&gt;.&#10;" type="java.lang.AssertionError"><![CDATA[java.lang.AssertionError: 
1 expectation failed.
Expected status code <404> but was <200>.

]]></failure>
    <system-out><![CDATA[
  Contexto: Dado que Carlos tem acesso a API de simulações &amp#27;[90m# src/test/resources/features/simulacoes.feature:8&amp#27;[0m

  @oi1
  Cenário: Excluir uma simulação não cadastrada                                   &amp#27;[90m# src/test/resources/features/simulacoes.feature:92&amp#27;[0m
Request method:	DELETE
Request URI:	http://localhost:8080/api/v1/simulacoes/1000000
Proxy:			<none>
Request params:	<none>
Query params:	<none>
Form params:	<none>
Path params:	cpf=1000000
Headers:		Accept=*/*
				Content-Type=application/json; charset=UTF-8
Cookies:		<none>
Multiparts:		<none>
Body:			<none>

HTTP/1.1 200 
Content-Type: text/plain;charset=UTF-8
Content-Length: 2
Date: Fri, 04 Feb 2022 15:16:14 GMT

OK
    &amp#27;[31mQuando &amp#27;[0m&amp#27;[31mele tentar excluir uma simulação não cadastrada&amp#27;[0m                        &amp#27;[90m# SimulacoesSteps.eleTentarExcluirUmaSimulaçãoNãoCadastrada()&amp#27;[0m
      &amp#27;[31mjava.lang.AssertionError: 1 expectation failed.
Expected status code <404> but was <200>.

	at sun.reflect.NativeConstructorAccessorImpl.newInstance0(Native Method)
	at sun.reflect.NativeConstructorAccessorImpl.newInstance(NativeConstructorAccessorImpl.java:62)
	at sun.reflect.DelegatingConstructorAccessorImpl.newInstance(DelegatingConstructorAccessorImpl.java:45)
	at java.lang.reflect.Constructor.newInstance(Constructor.java:423)
	at org.codehaus.groovy.reflection.CachedConstructor.invoke(CachedConstructor.java:72)
	at org.codehaus.groovy.reflection.CachedConstructor.doConstructorInvoke(CachedConstructor.java:59)
	at org.codehaus.groovy.runtime.callsite.ConstructorSite$ConstructorSiteNoUnwrap.callConstructor(ConstructorSite.java:84)
	at org.codehaus.groovy.runtime.callsite.AbstractCallSite.callConstructor(AbstractCallSite.java:277)
	at io.restassured.internal.ResponseSpecificationImpl$HamcrestAssertionClosure.validate(ResponseSpecificationImpl.groovy:493)
	at io.restassured.internal.ResponseSpecificationImpl$HamcrestAssertionClosure$validate$1.call(Unknown Source)
	at io.restassured.internal.ResponseSpecificationImpl.validateResponseIfRequired(ResponseSpecificationImpl.groovy:674)
	at sun.reflect.GeneratedMethodAccessor92.invoke(Unknown Source)
	at sun.reflect.DelegatingMethodAccessorImpl.invoke(DelegatingMethodAccessorImpl.java:43)
	at java.lang.reflect.Method.invoke(Method.java:498)
	at org.codehaus.groovy.runtime.callsite.PlainObjectMetaMethodSite.doInvoke(PlainObjectMetaMethodSite.java:43)
	at org.codehaus.groovy.runtime.callsite.PogoMetaMethodSite$PogoCachedMethodSiteNoUnwrapNoCoerce.invoke(PogoMetaMethodSite.java:193)
	at org.codehaus.groovy.runtime.callsite.PogoMetaMethodSite.callCurrent(PogoMetaMethodSite.java:61)
	at org.codehaus.groovy.runtime.callsite.AbstractCallSite.callCurrent(AbstractCallSite.java:185)
	at io.restassured.internal.ResponseSpecificationImpl.statusCode(ResponseSpecificationImpl.groovy:126)
	at io.restassured.specification.ResponseSpecification$statusCode$4.callCurrent(Unknown Source)
	at io.restassured.internal.ResponseSpecificationImpl.statusCode(ResponseSpecificationImpl.groovy:134)
	at io.restassured.internal.ValidatableResponseOptionsImpl.statusCode(ValidatableResponseOptionsImpl.java:89)
	at io.restassured.internal.ValidatableResponseImpl.super$2$statusCode(ValidatableResponseImpl.groovy)
	at sun.reflect.NativeMethodAccessorImpl.invoke0(Native Method)
	at sun.reflect.NativeMethodAccessorImpl.invoke(NativeMethodAccessorImpl.java:62)
	at sun.reflect.DelegatingMethodAccessorImpl.invoke(DelegatingMethodAccessorImpl.java:43)
	at java.lang.reflect.Method.invoke(Method.java:498)
	at org.codehaus.groovy.reflection.CachedMethod.invoke(CachedMethod.java:107)
	at groovy.lang.MetaMethod.doMethodInvoke(MetaMethod.java:323)
	at groovy.lang.MetaClassImpl.invokeMethod(MetaClassImpl.java:1262)
	at org.codehaus.groovy.runtime.ScriptBytecodeAdapter.invokeMethodOnSuperN(ScriptBytecodeAdapter.java:144)
	at io.restassured.internal.ValidatableResponseImpl.statusCode(ValidatableResponseImpl.groovy:142)
	at io.restassured.internal.ValidatableResponseImpl.statusCode(ValidatableResponseImpl.groovy)
	at utils.Utils.delete(Utils.java:104)
	at actions.SimulacoesAction.excluirSimulacaoNaoEncontrada(SimulacoesAction.java:221)
	at steps.SimulacoesSteps.eleTentarExcluirUmaSimulaçãoNãoCadastrada(SimulacoesSteps.java:160)
	at ✽.ele tentar excluir uma simulação não cadastrada(file:src/test/resources/features/simulacoes.feature:93)
&amp#27;[0m
    &amp#27;[36mEntão &amp#27;[0m&amp#27;[36mserá exibido uma mensagem informando que a simulação não foi encontrada&amp#27;[0m &amp#27;[90m# SimulacoesSteps.seráExibidoUmaMensagemInformandoQueASimulaçãoNãoFoiEncontrada()&amp#27;[0m
]]></system-out>
  </testcase>
</testsuite>